  EditorMainState.cpp
C:\Program Files (x86)\Windows Kits\10\Include\10.0.19041.0\shared\minwindef.h(130,1): warning C4005: 'APIENTRY': macro redefinition
C:\Project\VirtualWar\VirtualWar\packages\glfw.3.3.4\build\native\include\GLFW\glfw3.h(123): message : see previous definition of 'APIENTRY'
C:\Project\VirtualWar\SynapseEngine\Mesh3D.h(143,1): warning C4267: 'return': conversion from 'size_t' to 'int', possible loss of data
C:\Project\VirtualWar\SynapseEngine\NodeCam.h(31,10): warning C4244: '=': conversion from 'int' to 'float', possible loss of data
C:\Project\VirtualWar\SynapseEngine\SkeletalModel.h(23,56): warning C4267: 'return': conversion from 'size_t' to 'unsigned int', possible loss of data
C:\Project\VirtualWar\SynapseEngine\AnimationChannel.h(45,19): warning C4244: 'initializing': conversion from 'double' to 'float', possible loss of data
C:\Project\VirtualWar\SynapseEngine\AnimationChannel.h(47,16): warning C4244: 'initializing': conversion from 'double' to 'float', possible loss of data
C:\Project\VirtualWar\SynapseEngine\AnimationChannel.h(78,19): warning C4244: 'initializing': conversion from 'double' to 'float', possible loss of data
C:\Project\VirtualWar\SynapseEngine\AnimationChannel.h(80,16): warning C4244: 'initializing': conversion from 'double' to 'float', possible loss of data
C:\Project\VirtualWar\SynapseEngine\GameWorld.h(23,1): warning C4267: 'return': conversion from 'size_t' to 'int', possible loss of data
C:\Project\VirtualWar\SynapseEngine\Octree.h(4,10): warning C4067: unexpected tokens following preprocessor directive - expected a newline
C:\Program Files (x86)\Windows Kits\10\Include\10.0.19041.0\um\winsock2.h(17,1): warning C4005: '_WINSOCKAPI_': macro redefinition
C:\Project\VirtualWar\VirtualWar\EditorMainState.cpp : message : see previous definition of '_WINSOCKAPI_'
  StateAnimationTest1.cpp
C:\Project\VirtualWar\SynapseEngine\Mesh3D.h(143,1): warning C4267: 'return': conversion from 'size_t' to 'int', possible loss of data
C:\Project\VirtualWar\SynapseEngine\NodeCam.h(31,10): warning C4244: '=': conversion from 'int' to 'float', possible loss of data
C:\Project\VirtualWar\SynapseEngine\SkeletalModel.h(23,56): warning C4267: 'return': conversion from 'size_t' to 'unsigned int', possible loss of data
C:\Project\VirtualWar\SynapseEngine\AnimationChannel.h(45,19): warning C4244: 'initializing': conversion from 'double' to 'float', possible loss of data
C:\Project\VirtualWar\SynapseEngine\AnimationChannel.h(47,16): warning C4244: 'initializing': conversion from 'double' to 'float', possible loss of data
C:\Project\VirtualWar\SynapseEngine\AnimationChannel.h(78,19): warning C4244: 'initializing': conversion from 'double' to 'float', possible loss of data
C:\Project\VirtualWar\SynapseEngine\AnimationChannel.h(80,16): warning C4244: 'initializing': conversion from 'double' to 'float', possible loss of data
C:\Program Files (x86)\Windows Kits\10\Include\10.0.19041.0\shared\minwindef.h(130,1): warning C4005: 'APIENTRY': macro redefinition
C:\Project\VirtualWar\VirtualWar\packages\glfw.3.3.4\build\native\include\GLFW\glfw3.h(123): message : see previous definition of 'APIENTRY'
C:\Project\VirtualWar\SynapseEngine\GameWorld.h(23,1): warning C4267: 'return': conversion from 'size_t' to 'int', possible loss of data
  StateFPSTest1.cpp
C:\Project\VirtualWar\SynapseEngine\Mesh3D.h(143,1): warning C4267: 'return': conversion from 'size_t' to 'int', possible loss of data
C:\Project\VirtualWar\SynapseEngine\NodeCam.h(31,10): warning C4244: '=': conversion from 'int' to 'float', possible loss of data
C:\Project\VirtualWar\SynapseEngine\SkeletalModel.h(23,56): warning C4267: 'return': conversion from 'size_t' to 'unsigned int', possible loss of data
C:\Project\VirtualWar\SynapseEngine\AnimationChannel.h(45,19): warning C4244: 'initializing': conversion from 'double' to 'float', possible loss of data
C:\Project\VirtualWar\SynapseEngine\AnimationChannel.h(47,16): warning C4244: 'initializing': conversion from 'double' to 'float', possible loss of data
C:\Project\VirtualWar\SynapseEngine\AnimationChannel.h(78,19): warning C4244: 'initializing': conversion from 'double' to 'float', possible loss of data
C:\Project\VirtualWar\SynapseEngine\AnimationChannel.h(80,16): warning C4244: 'initializing': conversion from 'double' to 'float', possible loss of data
C:\Program Files (x86)\Windows Kits\10\Include\10.0.19041.0\shared\minwindef.h(130,1): warning C4005: 'APIENTRY': macro redefinition
C:\Project\VirtualWar\VirtualWar\packages\glfw.3.3.4\build\native\include\GLFW\glfw3.h(123): message : see previous definition of 'APIENTRY'
C:\Project\VirtualWar\SynapseEngine\GameWorld.h(23,1): warning C4267: 'return': conversion from 'size_t' to 'int', possible loss of data
  StateIntroLogos.cpp
C:\Program Files (x86)\Windows Kits\10\Include\10.0.19041.0\shared\minwindef.h(130,1): warning C4005: 'APIENTRY': macro redefinition
C:\Project\VirtualWar\VirtualWar\packages\glfw.3.3.4\build\native\include\GLFW\glfw3.h(123): message : see previous definition of 'APIENTRY'
C:\Project\VirtualWar\SynapseEngine\Mesh3D.h(143,1): warning C4267: 'return': conversion from 'size_t' to 'int', possible loss of data
C:\Project\VirtualWar\SynapseEngine\NodeCam.h(31,10): warning C4244: '=': conversion from 'int' to 'float', possible loss of data
C:\Project\VirtualWar\SynapseEngine\SkeletalModel.h(23,56): warning C4267: 'return': conversion from 'size_t' to 'unsigned int', possible loss of data
C:\Project\VirtualWar\SynapseEngine\AnimationChannel.h(45,19): warning C4244: 'initializing': conversion from 'double' to 'float', possible loss of data
C:\Project\VirtualWar\SynapseEngine\AnimationChannel.h(47,16): warning C4244: 'initializing': conversion from 'double' to 'float', possible loss of data
C:\Project\VirtualWar\SynapseEngine\AnimationChannel.h(78,19): warning C4244: 'initializing': conversion from 'double' to 'float', possible loss of data
C:\Project\VirtualWar\SynapseEngine\AnimationChannel.h(80,16): warning C4244: 'initializing': conversion from 'double' to 'float', possible loss of data
C:\Project\VirtualWar\SynapseEngine\GameWorld.h(23,1): warning C4267: 'return': conversion from 'size_t' to 'int', possible loss of data
C:\Project\VirtualWar\VirtualWar\StateIntroLogos.cpp(71,16): warning C4244: 'argument': conversion from 'float' to 'int', possible loss of data
C:\Project\VirtualWar\VirtualWar\StateIntroLogos.cpp(73,17): warning C4244: 'argument': conversion from 'float' to 'int', possible loss of data
C:\Project\VirtualWar\VirtualWar\StateIntroLogos.cpp(74,33): warning C4244: 'argument': conversion from 'float' to 'int', possible loss of data
  StateNetworkTest1.cpp
C:\Project\VirtualWar\SynapseEngine\Mesh3D.h(143,1): warning C4267: 'return': conversion from 'size_t' to 'int', possible loss of data
C:\Project\VirtualWar\SynapseEngine\NodeCam.h(31,10): warning C4244: '=': conversion from 'int' to 'float', possible loss of data
C:\Project\VirtualWar\SynapseEngine\SkeletalModel.h(23,56): warning C4267: 'return': conversion from 'size_t' to 'unsigned int', possible loss of data
C:\Project\VirtualWar\SynapseEngine\AnimationChannel.h(45,19): warning C4244: 'initializing': conversion from 'double' to 'float', possible loss of data
C:\Project\VirtualWar\SynapseEngine\AnimationChannel.h(47,16): warning C4244: 'initializing': conversion from 'double' to 'float', possible loss of data
C:\Project\VirtualWar\SynapseEngine\AnimationChannel.h(78,19): warning C4244: 'initializing': conversion from 'double' to 'float', possible loss of data
C:\Project\VirtualWar\SynapseEngine\AnimationChannel.h(80,16): warning C4244: 'initializing': conversion from 'double' to 'float', possible loss of data
C:\Program Files (x86)\Windows Kits\10\Include\10.0.19041.0\shared\minwindef.h(130,1): warning C4005: 'APIENTRY': macro redefinition
C:\Project\VirtualWar\VirtualWar\packages\glfw.3.3.4\build\native\include\GLFW\glfw3.h(123): message : see previous definition of 'APIENTRY'
C:\Project\VirtualWar\SynapseEngine\GameWorld.h(23,1): warning C4267: 'return': conversion from 'size_t' to 'int', possible loss of data
C:\Program Files (x86)\Windows Kits\10\Include\10.0.19041.0\um\winsock2.h(17,1): warning C4005: '_WINSOCKAPI_': macro redefinition
C:\Project\VirtualWar\VirtualWar\StateNetworkTest1.cpp : message : see previous definition of '_WINSOCKAPI_'
  StateOctreeTest1.cpp
C:\Project\VirtualWar\SynapseEngine\Mesh3D.h(143,1): warning C4267: 'return': conversion from 'size_t' to 'int', possible loss of data
C:\Project\VirtualWar\SynapseEngine\NodeCam.h(31,10): warning C4244: '=': conversion from 'int' to 'float', possible loss of data
C:\Project\VirtualWar\SynapseEngine\SkeletalModel.h(23,56): warning C4267: 'return': conversion from 'size_t' to 'unsigned int', possible loss of data
C:\Project\VirtualWar\SynapseEngine\AnimationChannel.h(45,19): warning C4244: 'initializing': conversion from 'double' to 'float', possible loss of data
C:\Project\VirtualWar\SynapseEngine\AnimationChannel.h(47,16): warning C4244: 'initializing': conversion from 'double' to 'float', possible loss of data
C:\Project\VirtualWar\SynapseEngine\AnimationChannel.h(78,19): warning C4244: 'initializing': conversion from 'double' to 'float', possible loss of data
C:\Project\VirtualWar\SynapseEngine\AnimationChannel.h(80,16): warning C4244: 'initializing': conversion from 'double' to 'float', possible loss of data
C:\Program Files (x86)\Windows Kits\10\Include\10.0.19041.0\shared\minwindef.h(130,1): warning C4005: 'APIENTRY': macro redefinition
C:\Project\VirtualWar\VirtualWar\packages\glfw.3.3.4\build\native\include\GLFW\glfw3.h(123): message : see previous definition of 'APIENTRY'
C:\Project\VirtualWar\SynapseEngine\GameWorld.h(23,1): warning C4267: 'return': conversion from 'size_t' to 'int', possible loss of data
C:\Project\VirtualWar\SynapseEngine\Octree.h(4,10): warning C4067: unexpected tokens following preprocessor directive - expected a newline
  StateParticleTest1.cpp
C:\Project\VirtualWar\SynapseEngine\Mesh3D.h(143,1): warning C4267: 'return': conversion from 'size_t' to 'int', possible loss of data
C:\Project\VirtualWar\SynapseEngine\NodeCam.h(31,10): warning C4244: '=': conversion from 'int' to 'float', possible loss of data
C:\Project\VirtualWar\SynapseEngine\SkeletalModel.h(23,56): warning C4267: 'return': conversion from 'size_t' to 'unsigned int', possible loss of data
C:\Project\VirtualWar\SynapseEngine\AnimationChannel.h(45,19): warning C4244: 'initializing': conversion from 'double' to 'float', possible loss of data
C:\Project\VirtualWar\SynapseEngine\AnimationChannel.h(47,16): warning C4244: 'initializing': conversion from 'double' to 'float', possible loss of data
C:\Project\VirtualWar\SynapseEngine\AnimationChannel.h(78,19): warning C4244: 'initializing': conversion from 'double' to 'float', possible loss of data
C:\Project\VirtualWar\SynapseEngine\AnimationChannel.h(80,16): warning C4244: 'initializing': conversion from 'double' to 'float', possible loss of data
C:\Program Files (x86)\Windows Kits\10\Include\10.0.19041.0\shared\minwindef.h(130,1): warning C4005: 'APIENTRY': macro redefinition
C:\Project\VirtualWar\VirtualWar\packages\glfw.3.3.4\build\native\include\GLFW\glfw3.h(123): message : see previous definition of 'APIENTRY'
C:\Project\VirtualWar\SynapseEngine\GameWorld.h(23,1): warning C4267: 'return': conversion from 'size_t' to 'int', possible loss of data
  StatePhysicsTest1.cpp
C:\Program Files (x86)\Windows Kits\10\Include\10.0.19041.0\shared\minwindef.h(130,1): warning C4005: 'APIENTRY': macro redefinition
C:\Project\VirtualWar\VirtualWar\packages\glfw.3.3.4\build\native\include\GLFW\glfw3.h(123): message : see previous definition of 'APIENTRY'
C:\Project\VirtualWar\SynapseEngine\Mesh3D.h(143,1): warning C4267: 'return': conversion from 'size_t' to 'int', possible loss of data
C:\Project\VirtualWar\SynapseEngine\NodeCam.h(31,10): warning C4244: '=': conversion from 'int' to 'float', possible loss of data
C:\Project\VirtualWar\SynapseEngine\SkeletalModel.h(23,56): warning C4267: 'return': conversion from 'size_t' to 'unsigned int', possible loss of data
C:\Project\VirtualWar\SynapseEngine\AnimationChannel.h(45,19): warning C4244: 'initializing': conversion from 'double' to 'float', possible loss of data
C:\Project\VirtualWar\SynapseEngine\AnimationChannel.h(47,16): warning C4244: 'initializing': conversion from 'double' to 'float', possible loss of data
C:\Project\VirtualWar\SynapseEngine\AnimationChannel.h(78,19): warning C4244: 'initializing': conversion from 'double' to 'float', possible loss of data
C:\Project\VirtualWar\SynapseEngine\AnimationChannel.h(80,16): warning C4244: 'initializing': conversion from 'double' to 'float', possible loss of data
C:\Project\VirtualWar\SynapseEngine\GameWorld.h(23,1): warning C4267: 'return': conversion from 'size_t' to 'int', possible loss of data
  StateRenderTest1.cpp
C:\Project\VirtualWar\SynapseEngine\Mesh3D.h(143,1): warning C4267: 'return': conversion from 'size_t' to 'int', possible loss of data
C:\Project\VirtualWar\SynapseEngine\NodeCam.h(31,10): warning C4244: '=': conversion from 'int' to 'float', possible loss of data
C:\Project\VirtualWar\SynapseEngine\SkeletalModel.h(23,56): warning C4267: 'return': conversion from 'size_t' to 'unsigned int', possible loss of data
C:\Project\VirtualWar\SynapseEngine\AnimationChannel.h(45,19): warning C4244: 'initializing': conversion from 'double' to 'float', possible loss of data
C:\Project\VirtualWar\SynapseEngine\AnimationChannel.h(47,16): warning C4244: 'initializing': conversion from 'double' to 'float', possible loss of data
C:\Project\VirtualWar\SynapseEngine\AnimationChannel.h(78,19): warning C4244: 'initializing': conversion from 'double' to 'float', possible loss of data
C:\Project\VirtualWar\SynapseEngine\AnimationChannel.h(80,16): warning C4244: 'initializing': conversion from 'double' to 'float', possible loss of data
C:\Program Files (x86)\Windows Kits\10\Include\10.0.19041.0\shared\minwindef.h(130,1): warning C4005: 'APIENTRY': macro redefinition
C:\Project\VirtualWar\VirtualWar\packages\glfw.3.3.4\build\native\include\GLFW\glfw3.h(123): message : see previous definition of 'APIENTRY'
C:\Project\VirtualWar\SynapseEngine\GameWorld.h(23,1): warning C4267: 'return': conversion from 'size_t' to 'int', possible loss of data
  StateTest1.cpp
C:\Program Files (x86)\Windows Kits\10\Include\10.0.19041.0\shared\minwindef.h(130,1): warning C4005: 'APIENTRY': macro redefinition
C:\Project\VirtualWar\VirtualWar\packages\glfw.3.3.4\build\native\include\GLFW\glfw3.h(123): message : see previous definition of 'APIENTRY'
C:\Project\VirtualWar\SynapseEngine\Mesh3D.h(143,1): warning C4267: 'return': conversion from 'size_t' to 'int', possible loss of data
C:\Project\VirtualWar\SynapseEngine\NodeCam.h(31,10): warning C4244: '=': conversion from 'int' to 'float', possible loss of data
C:\Project\VirtualWar\SynapseEngine\SkeletalModel.h(23,56): warning C4267: 'return': conversion from 'size_t' to 'unsigned int', possible loss of data
C:\Project\VirtualWar\SynapseEngine\AnimationChannel.h(45,19): warning C4244: 'initializing': conversion from 'double' to 'float', possible loss of data
C:\Project\VirtualWar\SynapseEngine\AnimationChannel.h(47,16): warning C4244: 'initializing': conversion from 'double' to 'float', possible loss of data
C:\Project\VirtualWar\SynapseEngine\AnimationChannel.h(78,19): warning C4244: 'initializing': conversion from 'double' to 'float', possible loss of data
C:\Project\VirtualWar\SynapseEngine\AnimationChannel.h(80,16): warning C4244: 'initializing': conversion from 'double' to 'float', possible loss of data
C:\Project\VirtualWar\SynapseEngine\GameWorld.h(23,1): warning C4267: 'return': conversion from 'size_t' to 'int', possible loss of data
  StateTest2.cpp
C:\Program Files (x86)\Windows Kits\10\Include\10.0.19041.0\shared\minwindef.h(130,1): warning C4005: 'APIENTRY': macro redefinition
C:\Project\VirtualWar\VirtualWar\packages\glfw.3.3.4\build\native\include\GLFW\glfw3.h(123): message : see previous definition of 'APIENTRY'
C:\Project\VirtualWar\SynapseEngine\Mesh3D.h(143,1): warning C4267: 'return': conversion from 'size_t' to 'int', possible loss of data
C:\Project\VirtualWar\SynapseEngine\NodeCam.h(31,10): warning C4244: '=': conversion from 'int' to 'float', possible loss of data
C:\Project\VirtualWar\SynapseEngine\SkeletalModel.h(23,56): warning C4267: 'return': conversion from 'size_t' to 'unsigned int', possible loss of data
C:\Project\VirtualWar\SynapseEngine\AnimationChannel.h(45,19): warning C4244: 'initializing': conversion from 'double' to 'float', possible loss of data
C:\Project\VirtualWar\SynapseEngine\AnimationChannel.h(47,16): warning C4244: 'initializing': conversion from 'double' to 'float', possible loss of data
C:\Project\VirtualWar\SynapseEngine\AnimationChannel.h(78,19): warning C4244: 'initializing': conversion from 'double' to 'float', possible loss of data
C:\Project\VirtualWar\SynapseEngine\AnimationChannel.h(80,16): warning C4244: 'initializing': conversion from 'double' to 'float', possible loss of data
C:\Project\VirtualWar\SynapseEngine\GameWorld.h(23,1): warning C4267: 'return': conversion from 'size_t' to 'int', possible loss of data
  VirtualWar.cpp
C:\Program Files (x86)\Windows Kits\10\Include\10.0.19041.0\shared\minwindef.h(130,1): warning C4005: 'APIENTRY': macro redefinition
C:\Project\VirtualWar\VirtualWar\packages\glfw.3.3.4\build\native\include\GLFW\glfw3.h(123): message : see previous definition of 'APIENTRY'
  Generating Code...
  gl.c
LINK : warning LNK4098: defaultlib 'MSVCRTD' conflicts with use of other libs; use /NODEFAULTLIB:library
  VirtualWar.vcxproj -> C:\Project\VirtualWar\VirtualWar\x64\Debug\VirtualWar.exe
