c:\project\virtualwar\virtualwar\x64\debug\vc142.pdb
c:\project\virtualwar\virtualwar\x64\debug\vc142.idb
c:\project\virtualwar\virtualwar\x64\debug\gl.obj
c:\project\virtualwar\virtualwar\x64\debug\virtualwar.obj
c:\project\virtualwar\virtualwar\x64\debug\statetest2.obj
c:\project\virtualwar\virtualwar\x64\debug\statetest1.obj
c:\project\virtualwar\virtualwar\x64\debug\staterendertest1.obj
c:\project\virtualwar\virtualwar\x64\debug\statephysicstest1.obj
c:\project\virtualwar\virtualwar\x64\debug\stateparticletest1.obj
c:\project\virtualwar\virtualwar\x64\debug\stateoctreetest1.obj
c:\project\virtualwar\virtualwar\x64\debug\statenetworktest1.obj
c:\project\virtualwar\virtualwar\x64\debug\stateintrologos.obj
c:\project\virtualwar\virtualwar\x64\debug\statefpstest1.obj
c:\project\virtualwar\virtualwar\x64\debug\stateanimationtest1.obj
c:\project\virtualwar\virtualwar\x64\debug\editormainstate.obj
c:\project\virtualwar\virtualwar\x64\debug\virtualwar.exe
c:\project\virtualwar\virtualwar\x64\debug\virtualwar.ilk
c:\project\virtualwar\virtualwar\x64\debug\virtualwar.pdb
c:\project\virtualwar\virtualwar\x64\debug\synapseengine.idb
c:\project\virtualwar\virtualwar\x64\debug\synet.idb
c:\project\virtualwar\virtualwar\x64\debug\nettestclient.pdb
c:\project\virtualwar\virtualwar\x64\debug\nettestserver.pdb
c:\project\virtualwar\virtualwar\x64\debug\synapseengine.pdb
c:\project\virtualwar\virtualwar\x64\debug\synet.pdb
c:\project\virtualwar\virtualwar\x64\debug\testclient1.pdb
c:\project\virtualwar\virtualwar\x64\debug\virtualwar.tlog\cl.command.1.tlog
c:\project\virtualwar\virtualwar\x64\debug\virtualwar.tlog\cl.read.1.tlog
c:\project\virtualwar\virtualwar\x64\debug\virtualwar.tlog\cl.write.1.tlog
c:\project\virtualwar\virtualwar\x64\debug\virtualwar.tlog\link.command.1.tlog
c:\project\virtualwar\virtualwar\x64\debug\virtualwar.tlog\link.read.1.tlog
c:\project\virtualwar\virtualwar\x64\debug\virtualwar.tlog\link.write.1.tlog
