c:\project\virtualwar\virtualwar\x64\debug\synapseengine.pdb
c:\project\virtualwar\virtualwar\x64\debug\synapseengine.idb
c:\project\virtualwar\synapseengine\x64\debug\dragobject.obj
c:\project\virtualwar\synapseengine\x64\debug\controlinput.obj
c:\project\virtualwar\synapseengine\x64\debug\cltransformer.obj
c:\project\virtualwar\synapseengine\x64\debug\clmain.obj
c:\project\virtualwar\synapseengine\x64\debug\buttoncontrol.obj
c:\project\virtualwar\synapseengine\x64\debug\bounds.obj
c:\project\virtualwar\synapseengine\x64\debug\boolcontrol.obj
c:\project\virtualwar\synapseengine\x64\debug\boneweight.obj
c:\project\virtualwar\synapseengine\x64\debug\bone.obj
c:\project\virtualwar\synapseengine\x64\debug\assimpconverter.obj
c:\project\virtualwar\synapseengine\x64\debug\appstate.obj
c:\project\virtualwar\synapseengine\x64\debug\animkeys.obj
c:\project\virtualwar\synapseengine\x64\debug\animevaluator.obj
c:\project\virtualwar\synapseengine\x64\debug\animchannel.obj
c:\project\virtualwar\synapseengine\x64\debug\animator.obj
c:\project\virtualwar\synapseengine\x64\debug\animationchannel.obj
c:\project\virtualwar\synapseengine\x64\debug\actorskeleton.obj
c:\project\virtualwar\synapseengine\x64\debug\actornode.obj
c:\project\virtualwar\synapseengine\x64\debug\actorbone.obj
c:\project\virtualwar\synapseengine\x64\debug\actoranimation.obj
c:\project\virtualwar\synapseengine\x64\debug\keffect.obj
c:\project\virtualwar\synapseengine\x64\debug\imagecontrol.obj
c:\project\virtualwar\synapseengine\x64\debug\idraw.obj
c:\project\virtualwar\synapseengine\x64\debug\gameworld.obj
c:\project\virtualwar\synapseengine\x64\debug\gamerenderer.obj
c:\project\virtualwar\synapseengine\x64\debug\gameplayer.obj
c:\project\virtualwar\synapseengine\x64\debug\fxtextdraw.obj
c:\project\virtualwar\synapseengine\x64\debug\fxparticlesoft.obj
c:\project\virtualwar\synapseengine\x64\debug\fxmeshposmap.obj
c:\project\virtualwar\synapseengine\x64\debug\fxmeshnormmap.obj
c:\project\virtualwar\synapseengine\x64\debug\fxmeshlines.obj
c:\project\virtualwar\synapseengine\x64\debug\fxmeshflat.obj
c:\project\virtualwar\synapseengine\x64\debug\fxmeshextra.obj
c:\project\virtualwar\synapseengine\x64\debug\fxmeshdepth.obj
c:\project\virtualwar\synapseengine\x64\debug\fxmeshanim.obj
c:\project\virtualwar\synapseengine\x64\debug\fxmesh3d.obj
c:\project\virtualwar\synapseengine\x64\debug\fximagedraw.obj
c:\project\virtualwar\synapseengine\x64\debug\framebuffercube.obj
c:\project\virtualwar\synapseengine\x64\debug\engineglobal.obj
c:\project\virtualwar\synapseengine\x64\debug\effemanager.obj
c:\project\virtualwar\synapseengine\x64\debug\pbbox.obj
c:\project\virtualwar\synapseengine\x64\debug\particlesystem.obj
c:\project\virtualwar\synapseengine\x64\debug\particlequad.obj
c:\project\virtualwar\synapseengine\x64\debug\particlebase.obj
c:\project\virtualwar\synapseengine\x64\debug\octree.obj
c:\project\virtualwar\synapseengine\x64\debug\nodelight.obj
c:\project\virtualwar\synapseengine\x64\debug\nodeentity.obj
c:\project\virtualwar\synapseengine\x64\debug\nodecam.obj
c:\project\virtualwar\synapseengine\x64\debug\nodebase.obj
c:\project\virtualwar\synapseengine\x64\debug\netserver.obj
c:\project\virtualwar\synapseengine\x64\debug\netconnection.obj
c:\project\virtualwar\synapseengine\x64\debug\netclient.obj
c:\project\virtualwar\synapseengine\x64\debug\modelimport.obj
c:\project\virtualwar\synapseengine\x64\debug\meshlines.obj
c:\project\virtualwar\synapseengine\x64\debug\mesh3d.obj
c:\project\virtualwar\synapseengine\x64\debug\material.obj
c:\project\virtualwar\synapseengine\x64\debug\mainmenucontrol.obj
c:\project\virtualwar\synapseengine\x64\debug\kpostprocess.obj
c:\project\virtualwar\synapseengine\x64\debug\kframebuffer.obj
c:\project\virtualwar\synapseengine\x64\debug\kfont.obj
c:\project\virtualwar\synapseengine\x64\debug\ui.obj
c:\project\virtualwar\synapseengine\x64\debug\tmaths.obj
c:\project\virtualwar\synapseengine\x64\debug\texturecube.obj
c:\project\virtualwar\synapseengine\x64\debug\texture2d.obj
c:\project\virtualwar\synapseengine\x64\debug\synapseengine.obj
c:\project\virtualwar\synapseengine\x64\debug\soundsource.obj
c:\project\virtualwar\synapseengine\x64\debug\soundengine.obj
c:\project\virtualwar\synapseengine\x64\debug\soundchannel.obj
c:\project\virtualwar\synapseengine\x64\debug\skeletalmodelserializer.obj
c:\project\virtualwar\synapseengine\x64\debug\skeletalmodel.obj
c:\project\virtualwar\synapseengine\x64\debug\scenegraph.obj
c:\project\virtualwar\synapseengine\x64\debug\ppssr.obj
c:\project\virtualwar\synapseengine\x64\debug\ppbloom.obj
c:\project\virtualwar\synapseengine\x64\debug\playerfirstperson.obj
c:\project\virtualwar\synapseengine\x64\debug\physicsbody.obj
c:\project\virtualwar\synapseengine\x64\debug\physics.obj
c:\project\virtualwar\synapseengine\x64\debug\pbtriangles.obj
c:\project\virtualwar\synapseengine\x64\debug\pbsphere.obj
c:\project\virtualwar\synapseengine\x64\debug\pbconvex.obj
c:\project\virtualwar\synapseengine\x64\debug\pbcapsule.obj
c:\project\virtualwar\synapseengine\x64\debug\worldentity.obj
c:\project\virtualwar\synapseengine\x64\debug\worldeffects.obj
c:\project\virtualwar\synapseengine\x64\debug\worlddynamicentity.obj
c:\project\virtualwar\synapseengine\x64\debug\worldchunk.obj
c:\project\virtualwar\synapseengine\x64\debug\worldactor.obj
c:\project\virtualwar\synapseengine\x64\debug\vstring.obj
c:\project\virtualwar\synapseengine\x64\debug\virtualwarapp.obj
c:\project\virtualwar\synapseengine\x64\debug\vfile.obj
c:\project\virtualwar\synapseengine\x64\debug\userinput.obj
c:\project\virtualwar\synapseengine\x64\debug\uitheme_neon.obj
c:\project\virtualwar\synapseengine\x64\debug\uitheme.obj
c:\project\virtualwar\synapseengine\x64\debug\uieventclick.obj
c:\project\virtualwar\synapseengine\x64\debug\uievent.obj
c:\project\virtualwar\synapseengine\x64\debug\uicontrol.obj
c:\project\virtualwar\synapseengine\x64\debug\gameserver.obj
c:\project\virtualwar\synapseengine\x64\debug\gamemode.obj
c:\project\virtualwar\synapseengine\x64\debug\gamemap.obj
c:\project\virtualwar\synapseengine\x64\debug\gameclient.obj
c:\project\virtualwar\synapseengine\x64\debug\maptestarena1.obj
c:\project\virtualwar\synapseengine\x64\debug\gmdeathmatch.obj
c:\project\virtualwar\synapseengine\x64\debug\playerinfo.obj
c:\project\virtualwar\virtualwar\x64\debug\synapseengine.lib
c:\project\virtualwar\synapseengine\x64\debug\synapseengine.tlog\cl.command.1.tlog
c:\project\virtualwar\synapseengine\x64\debug\synapseengine.tlog\cl.read.1.tlog
c:\project\virtualwar\synapseengine\x64\debug\synapseengine.tlog\cl.write.1.tlog
c:\project\virtualwar\synapseengine\x64\debug\synapseengine.tlog\lib-link.read.1.tlog
c:\project\virtualwar\synapseengine\x64\debug\synapseengine.tlog\lib-link.write.1.tlog
c:\project\virtualwar\synapseengine\x64\debug\synapseengine.tlog\lib.command.1.tlog
